0 info it worked if it ends with ok
1 verbose cli [ '/home/yjf/.nvm/versions/node/v6.3.1/bin/node',
1 verbose cli   '/home/yjf/.nvm/versions/node/v6.3.1/bin/npm',
1 verbose cli   'run',
1 verbose cli   'dev' ]
2 info using npm@3.10.3
3 info using node@v6.3.1
4 verbose run-script [ 'predev', 'dev', 'postdev' ]
5 info lifecycle react-webpack-demo@1.0.0~predev: react-webpack-demo@1.0.0
6 silly lifecycle react-webpack-demo@1.0.0~predev: no script for predev, continuing
7 info lifecycle react-webpack-demo@1.0.0~dev: react-webpack-demo@1.0.0
8 verbose lifecycle react-webpack-demo@1.0.0~dev: unsafe-perm in lifecycle true
9 verbose lifecycle react-webpack-demo@1.0.0~dev: PATH: /home/yjf/.nvm/versions/node/v6.3.1/lib/node_modules/npm/bin/node-gyp-bin:/home/yjf/yjf/YJFprojects/webpack-demo/demo3-react/node_modules/.bin:/home/yjf/.nvm/versions/node/v6.3.1/bin:/home/yjf/phabricator/arcanist/bin/:/home/yjf/.nvm/versions/node/v6.3.1/bin:/usr/local/apache-maven-3.3.9/bin:{JAVA_HOME}/bin:/usr/local/sbin:/usr/local/bin:/usr/sbin:/usr/bin:/sbin:/bin:/usr/games:/usr/local/games:/home/yjf/apps/android-sdk-linux/platform-tools:/home/yjf/apps/android-sdk-linux/tools
10 verbose lifecycle react-webpack-demo@1.0.0~dev: CWD: /home/yjf/yjf/YJFprojects/webpack-demo/demo3-react
11 silly lifecycle react-webpack-demo@1.0.0~dev: Args: [ '-c',
11 silly lifecycle   'webpack-dev-server --progress --profile --colors --hot' ]
12 silly lifecycle react-webpack-demo@1.0.0~dev: Returned: code: 1  signal: null
13 info lifecycle react-webpack-demo@1.0.0~dev: Failed to exec dev script
14 verbose stack Error: react-webpack-demo@1.0.0 dev: `webpack-dev-server --progress --profile --colors --hot`
14 verbose stack Exit status 1
14 verbose stack     at EventEmitter.<anonymous> (/home/yjf/.nvm/versions/node/v6.3.1/lib/node_modules/npm/lib/utils/lifecycle.js:242:16)
14 verbose stack     at emitTwo (events.js:106:13)
14 verbose stack     at EventEmitter.emit (events.js:191:7)
14 verbose stack     at ChildProcess.<anonymous> (/home/yjf/.nvm/versions/node/v6.3.1/lib/node_modules/npm/lib/utils/spawn.js:40:14)
14 verbose stack     at emitTwo (events.js:106:13)
14 verbose stack     at ChildProcess.emit (events.js:191:7)
14 verbose stack     at maybeClose (internal/child_process.js:852:16)
14 verbose stack     at Process.ChildProcess._handle.onexit (internal/child_process.js:215:5)
15 verbose pkgid react-webpack-demo@1.0.0
16 verbose cwd /home/yjf/yjf/YJFprojects/webpack-demo/demo3-react
17 error Linux 4.2.0-42-generic
18 error argv "/home/yjf/.nvm/versions/node/v6.3.1/bin/node" "/home/yjf/.nvm/versions/node/v6.3.1/bin/npm" "run" "dev"
19 error node v6.3.1
20 error npm  v3.10.3
21 error code ELIFECYCLE
22 error react-webpack-demo@1.0.0 dev: `webpack-dev-server --progress --profile --colors --hot`
22 error Exit status 1
23 error Failed at the react-webpack-demo@1.0.0 dev script 'webpack-dev-server --progress --profile --colors --hot'.
23 error Make sure you have the latest version of node.js and npm installed.
23 error If you do, this is most likely a problem with the react-webpack-demo package,
23 error not with npm itself.
23 error Tell the author that this fails on your system:
23 error     webpack-dev-server --progress --profile --colors --hot
23 error You can get information on how to open an issue for this project with:
23 error     npm bugs react-webpack-demo
23 error Or if that isn't available, you can get their info via:
23 error     npm owner ls react-webpack-demo
23 error There is likely additional logging output above.
24 verbose exit [ 1, true ]
